<?xml version="1.0" encoding="UTF-8"?>
<!-- Generated by org.testng.reporters.JUnitXMLReporter -->
<testsuite ignored="0" hostname="DESKTOP-G73396H" failures="0" tests="28" name="Regression: all tests" time="0.308" errors="0" timestamp="2023-05-28T19:37:55 EEST">
  <testcase classname="persondetails.TestWomanDetails" name="testAgeGet" time="0.007"/>
  <testcase classname="persondetails.TestWomanDetails" name="testAgeSet" time="0.002"/>
  <testcase classname="persondetails.TestWomanDetails" name="testFirstNameGet" time="0.004"/>
  <testcase classname="persondetails.TestWomanDetails" name="testFirstNameSet" time="0.003"/>
  <testcase classname="persondetails.TestWomanDetails" name="testHobbyGet" time="0.001"/>
  <testcase classname="persondetails.TestWomanDetails" name="testHobbySet" time="0.001"/>
  <testcase classname="persondetails.TestWomanDetails" name="testIfContain" time="0.001"/>
  <testcase classname="persondetails.TestWomanDetails" name="testIfDeregisterPartnership" time="0.002"/>
  <testcase classname="persondetails.TestWomanDetails" name="testIfHasBadge" time="0.001"/>
  <testcase classname="persondetails.TestWomanDetails" name="testIfRegisterPartnership" time="0.001"/>
  <testcase classname="persondetails.TestWomanDetails" name="testIfWomanRetired" time="0.0"/>
  <testcase classname="persondetails.TestWomanDetails" name="testLastNameGet" time="0.001"/>
  <testcase classname="persondetails.TestWomanDetails" name="testLastNameSet" time="0.005"/>
  <testcase classname="persondetails.TestWomanDetails" name="testPartnerGet" time="0.0"/>
  <testcase classname="persondetails.TestWomanDetails" name="testPartnerSet" time="0.001"/>
  <testcase classname="persondetails.TestManDetails" name="testAgeGet" time="0.0"/>
  <testcase classname="persondetails.TestManDetails" name="testAgeSet" time="0.001"/>
  <testcase classname="persondetails.TestManDetails" name="testFirstNameGet" time="0.001"/>
  <testcase classname="persondetails.TestManDetails" name="testFirstNameSet" time="0.0"/>
  <testcase classname="persondetails.TestManDetails" name="testHobbyGet" time="0.003"/>
  <testcase classname="persondetails.TestManDetails" name="testHobbySet" time="0.001"/>
  <testcase classname="persondetails.TestManDetails" name="testIfContain" time="0.0"/>
  <testcase classname="persondetails.TestManDetails" name="testIfHasBadge" time="0.002"/>
  <testcase classname="persondetails.TestManDetails" name="testIfManRetired" time="0.001"/>
  <testcase classname="persondetails.TestManDetails" name="testLastNameGet" time="0.001"/>
  <testcase classname="persondetails.TestManDetails" name="testLastNameSet" time="0.004"/>
  <testcase classname="persondetails.TestManDetails" name="testPartnerGet" time="0.0"/>
  <testcase classname="persondetails.TestManDetails" name="testPartnerSet" time="0.001"/>
</testsuite> <!-- Regression: all tests -->
