<?xml version="1.0" encoding="UTF-8"?>
<testsuite xmlns:xsi="http://www.w3.org/2001/XMLSchema-instance" xsi:noNamespaceSchemaLocation="https://maven.apache.org/surefire/maven-surefire-plugin/xsd/surefire-test-report-3.0.xsd" version="3.0" name="TestSuite" time="1.305" tests="28" errors="0" skipped="0" failures="0">
  <properties>
[...]
</properties>
  <testcase name="testAgeGet" classname="persondetails.TestWomanDetails" time="0.006">
    <system-err><![CDATA[SLF4J: Failed to load class "org.slf4j.impl.StaticLoggerBinder".
SLF4J: Defaulting to no-operation (NOP) logger implementation
SLF4J: See http://www.slf4j.org/codes.html#StaticLoggerBinder for further details.
]]></system-err>
  </testcase>
  <testcase name="testAgeSet" classname="persondetails.TestWomanDetails" time="0"/>
  <testcase name="testFirstNameGet" classname="persondetails.TestWomanDetails" time="0.002"/>
  <testcase name="testFirstNameSet" classname="persondetails.TestWomanDetails" time="0.003"/>
  <testcase name="testHobbyGet" classname="persondetails.TestWomanDetails" time="0.001"/>
  <testcase name="testHobbySet" classname="persondetails.TestWomanDetails" time="0.001"/>
  <testcase name="testIfContain" classname="persondetails.TestWomanDetails" time="0"/>
  <testcase name="testIfDeregisterPartnership" classname="persondetails.TestWomanDetails" time="0"/>
  <testcase name="testIfHasBadge" classname="persondetails.TestWomanDetails" time="0.007"/>
  <testcase name="testIfRegisterPartnership" classname="persondetails.TestWomanDetails" time="0"/>
  <testcase name="testIfWomanRetired" classname="persondetails.TestWomanDetails" time="0.001"/>
  <testcase name="testLastNameGet" classname="persondetails.TestWomanDetails" time="0"/>
  <testcase name="testLastNameSet" classname="persondetails.TestWomanDetails" time="0.002"/>
  <testcase name="testPartnerGet" classname="persondetails.TestWomanDetails" time="0.005"/>
  <testcase name="testPartnerSet" classname="persondetails.TestWomanDetails" time="0.001"/>
  <testcase name="testAgeGet" classname="persondetails.TestManDetails" time="0.001"/>
  <testcase name="testAgeSet" classname="persondetails.TestManDetails" time="0"/>
  <testcase name="testFirstNameGet" classname="persondetails.TestManDetails" time="0"/>
  <testcase name="testFirstNameSet" classname="persondetails.TestManDetails" time="0"/>
  <testcase name="testHobbyGet" classname="persondetails.TestManDetails" time="0.001"/>
  <testcase name="testHobbySet" classname="persondetails.TestManDetails" time="0"/>
  <testcase name="testIfContain" classname="persondetails.TestManDetails" time="0"/>
  <testcase name="testIfHasBadge" classname="persondetails.TestManDetails" time="0.002"/>
  <testcase name="testIfManRetired" classname="persondetails.TestManDetails" time="0"/>
  <testcase name="testLastNameGet" classname="persondetails.TestManDetails" time="0.001"/>
  <testcase name="testLastNameSet" classname="persondetails.TestManDetails" time="0.004"/>
  <testcase name="testPartnerGet" classname="persondetails.TestManDetails" time="0"/>
  <testcase name="testPartnerSet" classname="persondetails.TestManDetails" time="0.001"/>
</testsuite>